2020-02-14 14:38:25.994  INFO 12888 --- [main] c.a.c.n.c.NacosPropertySourceBuilder     : Loading nacos data, dataId: 'user-service-dev.yaml', group: 'DEV_ENV'
2020-02-14 14:38:26.017  INFO 12888 --- [main] b.c.PropertySourceBootstrapConfiguration : Located property source: [BootstrapPropertySource {name='bootstrapProperties-user-service-dev.yaml'}, BootstrapPropertySource {name='bootstrapProperties-user-service.yaml'}]
2020-02-14 14:38:26.142  INFO 12888 --- [main] EnableEncryptablePropertiesConfiguration : Bootstraping jasypt-string-boot auto configuration in context: user-service-1
2020-02-14 14:38:26.142  INFO 12888 --- [main] com.yg.learn.UserServiceApplication      : The following profiles are active: dev
2020-02-14 14:38:28.610  WARN 12888 --- [main] o.s.boot.actuate.endpoint.EndpointId     : Endpoint ID 'nacos-config' contains invalid characters, please migrate to a valid format.
2020-02-14 14:38:28.612  WARN 12888 --- [main] o.s.boot.actuate.endpoint.EndpointId     : Endpoint ID 'nacos-discovery' contains invalid characters, please migrate to a valid format.
2020-02-14 14:38:29.042  INFO 12888 --- [main] .s.d.r.c.RepositoryConfigurationDelegate : Bootstrapping Spring Data repositories in DEFAULT mode.
2020-02-14 14:38:29.172  INFO 12888 --- [main] .s.d.r.c.RepositoryConfigurationDelegate : Finished Spring Data repository scanning in 92ms. Found 1 repository interfaces.
2020-02-14 14:38:29.317  WARN 12888 --- [main] o.s.boot.actuate.endpoint.EndpointId     : Endpoint ID 'service-registry' contains invalid characters, please migrate to a valid format.
2020-02-14 14:38:29.576  INFO 12888 --- [main] o.s.cloud.context.scope.GenericScope     : BeanFactory id=932a3a84-b6ec-3a6c-b509-07477cd989d0
2020-02-14 14:38:29.594  INFO 12888 --- [main] ptablePropertiesBeanFactoryPostProcessor : Post-processing PropertySource instances
2020-02-14 14:38:29.610  INFO 12888 --- [main] c.u.j.EncryptablePropertySourceConverter : Converting PropertySource bootstrapProperties-user-service-dev.yaml [org.springframework.cloud.bootstrap.config.BootstrapPropertySource] to EncryptableEnumerablePropertySourceWrapper
2020-02-14 14:38:29.610  INFO 12888 --- [main] c.u.j.EncryptablePropertySourceConverter : Converting PropertySource bootstrapProperties-user-service.yaml [org.springframework.cloud.bootstrap.config.BootstrapPropertySource] to EncryptableEnumerablePropertySourceWrapper
2020-02-14 14:38:29.610  INFO 12888 --- [main] c.u.j.EncryptablePropertySourceConverter : Converting PropertySource configurationProperties [org.springframework.boot.context.properties.source.ConfigurationPropertySourcesPropertySource] to AOP Proxy
2020-02-14 14:38:29.610  INFO 12888 --- [main] c.u.j.EncryptablePropertySourceConverter : Converting PropertySource servletConfigInitParams [org.springframework.core.env.PropertySource$StubPropertySource] to EncryptablePropertySourceWrapper
2020-02-14 14:38:29.611  INFO 12888 --- [main] c.u.j.EncryptablePropertySourceConverter : Converting PropertySource servletContextInitParams [org.springframework.core.env.PropertySource$StubPropertySource] to EncryptablePropertySourceWrapper
2020-02-14 14:38:29.611  INFO 12888 --- [main] c.u.j.EncryptablePropertySourceConverter : Converting PropertySource systemProperties [org.springframework.core.env.PropertiesPropertySource] to EncryptableMapPropertySourceWrapper
2020-02-14 14:38:29.611  INFO 12888 --- [main] c.u.j.EncryptablePropertySourceConverter : Converting PropertySource systemEnvironment [org.springframework.boot.env.SystemEnvironmentPropertySourceEnvironmentPostProcessor$OriginAwareSystemEnvironmentPropertySource] to EncryptableMapPropertySourceWrapper
2020-02-14 14:38:29.611  INFO 12888 --- [main] c.u.j.EncryptablePropertySourceConverter : Converting PropertySource random [org.springframework.boot.env.RandomValuePropertySource] to EncryptablePropertySourceWrapper
2020-02-14 14:38:29.611  INFO 12888 --- [main] c.u.j.EncryptablePropertySourceConverter : Converting PropertySource applicationConfig: [classpath:/application.properties] [org.springframework.boot.env.OriginTrackedMapPropertySource] to EncryptableMapPropertySourceWrapper
2020-02-14 14:38:29.611  INFO 12888 --- [main] c.u.j.EncryptablePropertySourceConverter : Converting PropertySource applicationConfig: [classpath:/application.yml] [org.springframework.boot.env.OriginTrackedMapPropertySource] to EncryptableMapPropertySourceWrapper
2020-02-14 14:38:29.611  INFO 12888 --- [main] c.u.j.EncryptablePropertySourceConverter : Converting PropertySource springCloudClientHostInfo [org.springframework.core.env.MapPropertySource] to EncryptableMapPropertySourceWrapper
2020-02-14 14:38:29.611  INFO 12888 --- [main] c.u.j.EncryptablePropertySourceConverter : Converting PropertySource defaultProperties [org.springframework.core.env.MapPropertySource] to EncryptableMapPropertySourceWrapper
2020-02-14 14:38:29.630  INFO 12888 --- [main] c.u.j.filter.DefaultLazyPropertyFilter   : Property Filter custom Bean not found with name 'encryptablePropertyFilter'. Initializing Default Property Filter
2020-02-14 14:38:29.729  INFO 12888 --- [main] trationDelegate$BeanPostProcessorChecker : Bean 'org.springframework.transaction.annotation.ProxyTransactionManagementConfiguration' of type [org.springframework.transaction.annotation.ProxyTransactionManagementConfiguration$$EnhancerBySpringCGLIB$$75520c1] is not eligible for getting processed by all BeanPostProcessors (for example: not eligible for auto-proxying)
2020-02-14 14:38:29.958  INFO 12888 --- [main] c.u.j.r.DefaultLazyPropertyResolver      : Property Resolver custom Bean not found with name 'encryptablePropertyResolver'. Initializing Default Property Resolver
2020-02-14 14:38:29.959  INFO 12888 --- [main] c.u.j.d.DefaultLazyPropertyDetector      : Property Detector custom Bean not found with name 'encryptablePropertyDetector'. Initializing Default Property Detector
2020-02-14 14:38:30.059  INFO 12888 --- [main] trationDelegate$BeanPostProcessorChecker : Bean 'spring.cloud.sentinel-com.alibaba.cloud.sentinel.SentinelProperties' of type [com.alibaba.cloud.sentinel.SentinelProperties] is not eligible for getting processed by all BeanPostProcessors (for example: not eligible for auto-proxying)
2020-02-14 14:38:30.095  INFO 12888 --- [main] trationDelegate$BeanPostProcessorChecker : Bean 'com.alibaba.cloud.sentinel.custom.SentinelAutoConfiguration' of type [com.alibaba.cloud.sentinel.custom.SentinelAutoConfiguration$$EnhancerBySpringCGLIB$$2afc8e9e] is not eligible for getting processed by all BeanPostProcessors (for example: not eligible for auto-proxying)
2020-02-14 14:38:30.571  INFO 12888 --- [main] o.s.b.w.embedded.tomcat.TomcatWebServer  : Tomcat initialized with port(s): 8201 (http)
2020-02-14 14:38:30.591  INFO 12888 --- [main] o.apache.catalina.core.StandardService   : Starting service [Tomcat]
2020-02-14 14:38:30.592  INFO 12888 --- [main] org.apache.catalina.core.StandardEngine  : Starting Servlet engine: [Apache Tomcat/9.0.30]
2020-02-14 14:38:30.731  INFO 12888 --- [main] o.a.c.c.C.[Tomcat].[localhost].[/]       : Initializing Spring embedded WebApplicationContext
2020-02-14 14:38:30.731  INFO 12888 --- [main] o.s.web.context.ContextLoader            : Root WebApplicationContext: initialization completed in 4498 ms
2020-02-14 14:38:30.750  INFO 12888 --- [main] c.a.c.s.SentinelWebAutoConfiguration     : [Sentinel Starter] register Sentinel CommonFilter with urlPatterns: [/*].
2020-02-14 14:38:31.219  INFO 12888 --- [main] c.u.j.encryptor.DefaultLazyEncryptor     : String Encryptor custom Bean not found with name 'jasyptStringEncryptor'. Initializing Default String Encryptor
2020-02-14 14:38:31.257  INFO 12888 --- [main] c.u.j.encryptor.DefaultLazyEncryptor     : Encryptor config not found for property jasypt.encryptor.algorithm, using default value: PBEWithMD5AndDES
2020-02-14 14:38:31.257  INFO 12888 --- [main] c.u.j.encryptor.DefaultLazyEncryptor     : Encryptor config not found for property jasypt.encryptor.keyObtentionIterations, using default value: 1000
2020-02-14 14:38:31.257  INFO 12888 --- [main] c.u.j.encryptor.DefaultLazyEncryptor     : Encryptor config not found for property jasypt.encryptor.poolSize, using default value: 1
2020-02-14 14:38:31.257  INFO 12888 --- [main] c.u.j.encryptor.DefaultLazyEncryptor     : Encryptor config not found for property jasypt.encryptor.providerName, using default value: null
2020-02-14 14:38:31.258  INFO 12888 --- [main] c.u.j.encryptor.DefaultLazyEncryptor     : Encryptor config not found for property jasypt.encryptor.providerClassName, using default value: null
2020-02-14 14:38:31.258  INFO 12888 --- [main] c.u.j.encryptor.DefaultLazyEncryptor     : Encryptor config not found for property jasypt.encryptor.saltGeneratorClassname, using default value: org.jasypt.salt.RandomSaltGenerator
2020-02-14 14:38:31.259  INFO 12888 --- [main] c.u.j.encryptor.DefaultLazyEncryptor     : Encryptor config not found for property jasypt.encryptor.stringOutputType, using default value: base64
2020-02-14 14:38:31.776  INFO 12888 --- [main] com.alibaba.nacos.client.naming          : initializer namespace from System Property :null
2020-02-14 14:38:31.776  INFO 12888 --- [main] com.alibaba.nacos.client.naming          : initializer namespace from System Environment :null
2020-02-14 14:38:31.777  INFO 12888 --- [main] com.alibaba.nacos.client.naming          : initializer namespace from System Property :null
2020-02-14 14:38:32.221  INFO 12888 --- [main] o.hibernate.jpa.internal.util.LogHelper  : HHH000204: Processing PersistenceUnitInfo [
	name: default
	...]
2020-02-14 14:38:32.439  INFO 12888 --- [main] org.hibernate.Version                    : HHH000412: Hibernate Core {5.3.15.Final}
2020-02-14 14:38:32.449  INFO 12888 --- [main] org.hibernate.cfg.Environment            : HHH000206: hibernate.properties not found
2020-02-14 14:38:33.079  INFO 12888 --- [main] o.hibernate.annotations.common.Version   : HCANN000001: Hibernate Commons Annotations {5.0.4.Final}
2020-02-14 14:38:36.402  INFO 12888 --- [main] com.alibaba.druid.pool.DruidDataSource   : {dataSource-1} inited
2020-02-14 14:38:36.460  INFO 12888 --- [main] org.hibernate.dialect.Dialect            : HHH000400: Using dialect: org.hibernate.dialect.MySQL5Dialect
2020-02-14 14:38:37.420  INFO 12888 --- [main] j.LocalContainerEntityManagerFactoryBean : Initialized JPA EntityManagerFactory for persistence unit 'default'
2020-02-14 14:38:38.252  INFO 12888 --- [main] o.h.h.i.QueryTranslatorFactoryInitiator  : HHH000397: Using ASTQueryTranslatorFactory
2020-02-14 14:38:38.503  WARN 12888 --- [main] aWebConfiguration$JpaWebMvcConfiguration : spring.jpa.open-in-view is enabled by default. Therefore, database queries may be performed during view rendering. Explicitly configure spring.jpa.open-in-view to disable this warning
2020-02-14 14:38:38.688  INFO 12888 --- [main] o.s.b.a.e.web.EndpointLinksResolver      : Exposing 23 endpoint(s) beneath base path '/actuator'
2020-02-14 14:38:38.845  INFO 12888 --- [main] pertySourcedRequestMappingHandlerMapping : Mapped URL path [/v2/api-docs] onto method [public org.springframework.http.ResponseEntity<springfox.documentation.spring.web.json.Json> springfox.documentation.swagger2.web.Swagger2Controller.getDocumentation(java.lang.String,javax.servlet.http.HttpServletRequest)]
2020-02-14 14:38:38.921  WARN 12888 --- [main] c.n.c.sources.URLConfigurationSource     : No URLs will be polled as dynamic configuration sources.
2020-02-14 14:38:38.922  INFO 12888 --- [main] c.n.c.sources.URLConfigurationSource     : To enable URLs as dynamic configuration sources, define System property archaius.configurationSource.additionalUrls or make config.properties available on classpath.
2020-02-14 14:38:38.943  WARN 12888 --- [main] c.n.c.sources.URLConfigurationSource     : No URLs will be polled as dynamic configuration sources.
2020-02-14 14:38:38.944  INFO 12888 --- [main] c.n.c.sources.URLConfigurationSource     : To enable URLs as dynamic configuration sources, define System property archaius.configurationSource.additionalUrls or make config.properties available on classpath.
2020-02-14 14:38:39.163  INFO 12888 --- [main] o.s.s.concurrent.ThreadPoolTaskExecutor  : Initializing ExecutorService 'applicationTaskExecutor'
2020-02-14 14:38:39.263  INFO 12888 --- [main] o.s.s.c.ThreadPoolTaskScheduler          : Initializing ExecutorService
2020-02-14 14:38:39.822  INFO 12888 --- [main] d.s.w.p.DocumentationPluginsBootstrapper : Context refreshed
2020-02-14 14:38:39.836  INFO 12888 --- [main] d.s.w.p.DocumentationPluginsBootstrapper : Found 1 custom documentation plugin(s)
2020-02-14 14:38:39.870  INFO 12888 --- [main] s.d.s.w.s.ApiListingReferenceScanner     : Scanning for api listing references
2020-02-14 14:38:39.959  INFO 12888 --- [main] o.s.b.w.embedded.tomcat.TomcatWebServer  : Tomcat started on port(s): 8201 (http) with context path ''
2020-02-14 14:38:39.975  INFO 12888 --- [main] com.alibaba.nacos.client.naming          : [BEAT] adding beat: {"cluster":"DEFAULT","ip":"192.168.248.1","metadata":{"preserved.register.source":"SPRING_CLOUD"},"period":5000,"port":8201,"scheduled":false,"serviceName":"DEFAULT_GROUP@@user-service","stopped":false,"weight":1.0} to beat map.
2020-02-14 14:38:40.059  INFO 12888 --- [main] com.alibaba.nacos.client.naming          : [REGISTER-SERVICE] public registering service DEFAULT_GROUP@@user-service with instance: {"clusterName":"DEFAULT","enabled":true,"ephemeral":true,"healthy":true,"instanceHeartBeatInterval":5000,"instanceHeartBeatTimeOut":15000,"ip":"192.168.248.1","ipDeleteTimeout":30000,"metadata":{"preserved.register.source":"SPRING_CLOUD"},"port":8201,"weight":1.0}
2020-02-14 14:38:40.138  INFO 12888 --- [main] c.a.c.n.registry.NacosServiceRegistry    : nacos registry, user-service 192.168.248.1:8201 register finished
2020-02-14 14:38:40.233  INFO 12888 --- [main] com.yg.learn.UserServiceApplication      : Started UserServiceApplication in 17.141 seconds (JVM running for 18.97)
2020-02-14 14:38:40.244  INFO 12888 --- [main] c.a.n.client.config.impl.ClientWorker    : [fixed-139.9.199.154_8848] [subscribe] user-service-dev.yaml+DEV_ENV
2020-02-14 14:38:40.244  INFO 12888 --- [main] c.a.nacos.client.config.impl.CacheData   : [fixed-139.9.199.154_8848] [add-listener] ok, tenant=, dataId=user-service-dev.yaml, group=DEV_ENV, cnt=1
2020-02-14 14:38:40.245  INFO 12888 --- [main] c.a.n.client.config.impl.ClientWorker    : [fixed-139.9.199.154_8848] [subscribe] user-service.yaml+DEV_ENV
2020-02-14 14:38:40.245  INFO 12888 --- [main] c.a.nacos.client.config.impl.CacheData   : [fixed-139.9.199.154_8848] [add-listener] ok, tenant=, dataId=user-service.yaml, group=DEV_ENV, cnt=1
2020-02-14 14:38:40.562  INFO 12888 --- [RMI TCP Connection(7)-192.168.248.1] o.a.c.c.C.[Tomcat].[localhost].[/]       : Initializing Spring DispatcherServlet 'dispatcherServlet'
2020-02-14 14:38:40.562  INFO 12888 --- [RMI TCP Connection(7)-192.168.248.1] o.s.web.servlet.DispatcherServlet        : Initializing Servlet 'dispatcherServlet'
2020-02-14 14:38:40.580  INFO 12888 --- [RMI TCP Connection(7)-192.168.248.1] o.s.web.servlet.DispatcherServlet        : Completed initialization in 18 ms
2020-02-14 14:38:42.541  INFO 12888 --- [http-nio-8201-exec-1] com.yg.learn.controller.UserController   : 根据id获取用户信息，用户名称为：admin
2020-02-14 14:40:45.520  INFO 9504 --- [main] c.a.c.n.c.NacosPropertySourceBuilder     : Loading nacos data, dataId: 'user-service-dev.yaml', group: 'DEV_ENV'
2020-02-14 14:40:45.523  INFO 9504 --- [main] b.c.PropertySourceBootstrapConfiguration : Located property source: [BootstrapPropertySource {name='bootstrapProperties-user-service-dev.yaml'}, BootstrapPropertySource {name='bootstrapProperties-user-service.yaml'}]
2020-02-14 14:40:45.556  INFO 9504 --- [main] EnableEncryptablePropertiesConfiguration : Bootstraping jasypt-string-boot auto configuration in context: user-service-1
2020-02-14 14:40:45.557  INFO 9504 --- [main] com.yg.learn.UserServiceApplication      : The following profiles are active: dev
2020-02-14 14:40:46.256  WARN 9504 --- [main] o.s.boot.actuate.endpoint.EndpointId     : Endpoint ID 'nacos-config' contains invalid characters, please migrate to a valid format.
2020-02-14 14:40:46.260  WARN 9504 --- [main] o.s.boot.actuate.endpoint.EndpointId     : Endpoint ID 'nacos-discovery' contains invalid characters, please migrate to a valid format.
2020-02-14 14:40:46.476  INFO 9504 --- [main] .s.d.r.c.RepositoryConfigurationDelegate : Bootstrapping Spring Data repositories in DEFAULT mode.
2020-02-14 14:40:46.541  INFO 9504 --- [main] .s.d.r.c.RepositoryConfigurationDelegate : Finished Spring Data repository scanning in 60ms. Found 1 repository interfaces.
2020-02-14 14:40:46.647  WARN 9504 --- [main] o.s.boot.actuate.endpoint.EndpointId     : Endpoint ID 'service-registry' contains invalid characters, please migrate to a valid format.
2020-02-14 14:40:46.829  INFO 9504 --- [main] o.s.cloud.context.scope.GenericScope     : BeanFactory id=932a3a84-b6ec-3a6c-b509-07477cd989d0
2020-02-14 14:40:46.849  INFO 9504 --- [main] ptablePropertiesBeanFactoryPostProcessor : Post-processing PropertySource instances
2020-02-14 14:40:46.879  INFO 9504 --- [main] c.u.j.EncryptablePropertySourceConverter : Converting PropertySource bootstrapProperties-user-service-dev.yaml [org.springframework.cloud.bootstrap.config.BootstrapPropertySource] to EncryptableEnumerablePropertySourceWrapper
2020-02-14 14:40:46.879  INFO 9504 --- [main] c.u.j.EncryptablePropertySourceConverter : Converting PropertySource bootstrapProperties-user-service.yaml [org.springframework.cloud.bootstrap.config.BootstrapPropertySource] to EncryptableEnumerablePropertySourceWrapper
2020-02-14 14:40:46.879  INFO 9504 --- [main] c.u.j.EncryptablePropertySourceConverter : Converting PropertySource configurationProperties [org.springframework.boot.context.properties.source.ConfigurationPropertySourcesPropertySource] to AOP Proxy
2020-02-14 14:40:46.879  INFO 9504 --- [main] c.u.j.EncryptablePropertySourceConverter : Converting PropertySource servletConfigInitParams [org.springframework.core.env.PropertySource$StubPropertySource] to EncryptablePropertySourceWrapper
2020-02-14 14:40:46.879  INFO 9504 --- [main] c.u.j.EncryptablePropertySourceConverter : Converting PropertySource servletContextInitParams [org.springframework.core.env.PropertySource$StubPropertySource] to EncryptablePropertySourceWrapper
2020-02-14 14:40:46.879  INFO 9504 --- [main] c.u.j.EncryptablePropertySourceConverter : Converting PropertySource systemProperties [org.springframework.core.env.PropertiesPropertySource] to EncryptableMapPropertySourceWrapper
2020-02-14 14:40:46.879  INFO 9504 --- [main] c.u.j.EncryptablePropertySourceConverter : Converting PropertySource systemEnvironment [org.springframework.boot.env.SystemEnvironmentPropertySourceEnvironmentPostProcessor$OriginAwareSystemEnvironmentPropertySource] to EncryptableMapPropertySourceWrapper
2020-02-14 14:40:46.879  INFO 9504 --- [main] c.u.j.EncryptablePropertySourceConverter : Converting PropertySource random [org.springframework.boot.env.RandomValuePropertySource] to EncryptablePropertySourceWrapper
2020-02-14 14:40:46.879  INFO 9504 --- [main] c.u.j.EncryptablePropertySourceConverter : Converting PropertySource applicationConfig: [classpath:/application.properties] [org.springframework.boot.env.OriginTrackedMapPropertySource] to EncryptableMapPropertySourceWrapper
2020-02-14 14:40:46.879  INFO 9504 --- [main] c.u.j.EncryptablePropertySourceConverter : Converting PropertySource applicationConfig: [classpath:/application.yml] [org.springframework.boot.env.OriginTrackedMapPropertySource] to EncryptableMapPropertySourceWrapper
2020-02-14 14:40:46.879  INFO 9504 --- [main] c.u.j.EncryptablePropertySourceConverter : Converting PropertySource springCloudClientHostInfo [org.springframework.core.env.MapPropertySource] to EncryptableMapPropertySourceWrapper
2020-02-14 14:40:46.879  INFO 9504 --- [main] c.u.j.EncryptablePropertySourceConverter : Converting PropertySource defaultProperties [org.springframework.core.env.MapPropertySource] to EncryptableMapPropertySourceWrapper
2020-02-14 14:40:46.891  INFO 9504 --- [main] c.u.j.filter.DefaultLazyPropertyFilter   : Property Filter custom Bean not found with name 'encryptablePropertyFilter'. Initializing Default Property Filter
2020-02-14 14:40:46.967  INFO 9504 --- [main] trationDelegate$BeanPostProcessorChecker : Bean 'org.springframework.transaction.annotation.ProxyTransactionManagementConfiguration' of type [org.springframework.transaction.annotation.ProxyTransactionManagementConfiguration$$EnhancerBySpringCGLIB$$2fb9e0e7] is not eligible for getting processed by all BeanPostProcessors (for example: not eligible for auto-proxying)
2020-02-14 14:40:47.138  INFO 9504 --- [main] c.u.j.r.DefaultLazyPropertyResolver      : Property Resolver custom Bean not found with name 'encryptablePropertyResolver'. Initializing Default Property Resolver
2020-02-14 14:40:47.138  INFO 9504 --- [main] c.u.j.d.DefaultLazyPropertyDetector      : Property Detector custom Bean not found with name 'encryptablePropertyDetector'. Initializing Default Property Detector
2020-02-14 14:40:47.207  INFO 9504 --- [main] trationDelegate$BeanPostProcessorChecker : Bean 'spring.cloud.sentinel-com.alibaba.cloud.sentinel.SentinelProperties' of type [com.alibaba.cloud.sentinel.SentinelProperties] is not eligible for getting processed by all BeanPostProcessors (for example: not eligible for auto-proxying)
2020-02-14 14:40:47.245  INFO 9504 --- [main] trationDelegate$BeanPostProcessorChecker : Bean 'com.alibaba.cloud.sentinel.custom.SentinelAutoConfiguration' of type [com.alibaba.cloud.sentinel.custom.SentinelAutoConfiguration$$EnhancerBySpringCGLIB$$53614ec4] is not eligible for getting processed by all BeanPostProcessors (for example: not eligible for auto-proxying)
2020-02-14 14:40:47.518  INFO 9504 --- [main] o.s.b.w.embedded.tomcat.TomcatWebServer  : Tomcat initialized with port(s): 8201 (http)
2020-02-14 14:40:47.537  INFO 9504 --- [main] o.apache.catalina.core.StandardService   : Starting service [Tomcat]
2020-02-14 14:40:47.537  INFO 9504 --- [main] org.apache.catalina.core.StandardEngine  : Starting Servlet engine: [Apache Tomcat/9.0.30]
2020-02-14 14:40:47.663  INFO 9504 --- [main] o.a.c.c.C.[Tomcat].[localhost].[/]       : Initializing Spring embedded WebApplicationContext
2020-02-14 14:40:47.663  INFO 9504 --- [main] o.s.web.context.ContextLoader            : Root WebApplicationContext: initialization completed in 2091 ms
2020-02-14 14:40:47.679  INFO 9504 --- [main] c.a.c.s.SentinelWebAutoConfiguration     : [Sentinel Starter] register Sentinel CommonFilter with urlPatterns: [/*].
2020-02-14 14:40:48.035  INFO 9504 --- [main] c.u.j.encryptor.DefaultLazyEncryptor     : String Encryptor custom Bean not found with name 'jasyptStringEncryptor'. Initializing Default String Encryptor
2020-02-14 14:40:48.042  INFO 9504 --- [main] c.u.j.encryptor.DefaultLazyEncryptor     : Encryptor config not found for property jasypt.encryptor.algorithm, using default value: PBEWithMD5AndDES
2020-02-14 14:40:48.042  INFO 9504 --- [main] c.u.j.encryptor.DefaultLazyEncryptor     : Encryptor config not found for property jasypt.encryptor.keyObtentionIterations, using default value: 1000
2020-02-14 14:40:48.042  INFO 9504 --- [main] c.u.j.encryptor.DefaultLazyEncryptor     : Encryptor config not found for property jasypt.encryptor.poolSize, using default value: 1
2020-02-14 14:40:48.042  INFO 9504 --- [main] c.u.j.encryptor.DefaultLazyEncryptor     : Encryptor config not found for property jasypt.encryptor.providerName, using default value: null
2020-02-14 14:40:48.042  INFO 9504 --- [main] c.u.j.encryptor.DefaultLazyEncryptor     : Encryptor config not found for property jasypt.encryptor.providerClassName, using default value: null
2020-02-14 14:40:48.043  INFO 9504 --- [main] c.u.j.encryptor.DefaultLazyEncryptor     : Encryptor config not found for property jasypt.encryptor.saltGeneratorClassname, using default value: org.jasypt.salt.RandomSaltGenerator
2020-02-14 14:40:48.043  INFO 9504 --- [main] c.u.j.encryptor.DefaultLazyEncryptor     : Encryptor config not found for property jasypt.encryptor.stringOutputType, using default value: base64
2020-02-14 14:40:48.380  INFO 9504 --- [main] com.alibaba.nacos.client.naming          : initializer namespace from System Property :null
2020-02-14 14:40:48.380  INFO 9504 --- [main] com.alibaba.nacos.client.naming          : initializer namespace from System Environment :null
2020-02-14 14:40:48.381  INFO 9504 --- [main] com.alibaba.nacos.client.naming          : initializer namespace from System Property :null
2020-02-14 14:40:48.577  INFO 9504 --- [main] o.hibernate.jpa.internal.util.LogHelper  : HHH000204: Processing PersistenceUnitInfo [
	name: default
	...]
2020-02-14 14:40:48.647  INFO 9504 --- [main] org.hibernate.Version                    : HHH000412: Hibernate Core {5.3.15.Final}
2020-02-14 14:40:48.649  INFO 9504 --- [main] org.hibernate.cfg.Environment            : HHH000206: hibernate.properties not found
2020-02-14 14:40:48.742  INFO 9504 --- [main] o.hibernate.annotations.common.Version   : HCANN000001: Hibernate Commons Annotations {5.0.4.Final}
2020-02-14 14:40:51.477  INFO 9504 --- [main] com.alibaba.druid.pool.DruidDataSource   : {dataSource-1} inited
2020-02-14 14:40:51.483  INFO 9504 --- [main] org.hibernate.dialect.Dialect            : HHH000400: Using dialect: org.hibernate.dialect.MySQL5Dialect
2020-02-14 14:40:52.146  INFO 9504 --- [main] j.LocalContainerEntityManagerFactoryBean : Initialized JPA EntityManagerFactory for persistence unit 'default'
2020-02-14 14:40:52.549  INFO 9504 --- [main] o.h.h.i.QueryTranslatorFactoryInitiator  : HHH000397: Using ASTQueryTranslatorFactory
2020-02-14 14:40:52.728  WARN 9504 --- [main] aWebConfiguration$JpaWebMvcConfiguration : spring.jpa.open-in-view is enabled by default. Therefore, database queries may be performed during view rendering. Explicitly configure spring.jpa.open-in-view to disable this warning
2020-02-14 14:40:52.842  INFO 9504 --- [main] o.s.b.a.e.web.EndpointLinksResolver      : Exposing 23 endpoint(s) beneath base path '/actuator'
2020-02-14 14:40:52.911  INFO 9504 --- [main] pertySourcedRequestMappingHandlerMapping : Mapped URL path [/v2/api-docs] onto method [public org.springframework.http.ResponseEntity<springfox.documentation.spring.web.json.Json> springfox.documentation.swagger2.web.Swagger2Controller.getDocumentation(java.lang.String,javax.servlet.http.HttpServletRequest)]
2020-02-14 14:40:52.931  WARN 9504 --- [main] c.n.c.sources.URLConfigurationSource     : No URLs will be polled as dynamic configuration sources.
2020-02-14 14:40:52.931  INFO 9504 --- [main] c.n.c.sources.URLConfigurationSource     : To enable URLs as dynamic configuration sources, define System property archaius.configurationSource.additionalUrls or make config.properties available on classpath.
2020-02-14 14:40:52.935  WARN 9504 --- [main] c.n.c.sources.URLConfigurationSource     : No URLs will be polled as dynamic configuration sources.
2020-02-14 14:40:52.935  INFO 9504 --- [main] c.n.c.sources.URLConfigurationSource     : To enable URLs as dynamic configuration sources, define System property archaius.configurationSource.additionalUrls or make config.properties available on classpath.
2020-02-14 14:40:53.060  INFO 9504 --- [main] o.s.s.concurrent.ThreadPoolTaskExecutor  : Initializing ExecutorService 'applicationTaskExecutor'
2020-02-14 14:40:53.150  INFO 9504 --- [main] o.s.s.c.ThreadPoolTaskScheduler          : Initializing ExecutorService
2020-02-14 14:40:53.590  INFO 9504 --- [main] d.s.w.p.DocumentationPluginsBootstrapper : Context refreshed
2020-02-14 14:40:53.609  INFO 9504 --- [main] d.s.w.p.DocumentationPluginsBootstrapper : Found 1 custom documentation plugin(s)
2020-02-14 14:40:53.653  INFO 9504 --- [main] s.d.s.w.s.ApiListingReferenceScanner     : Scanning for api listing references
2020-02-14 14:40:53.762  INFO 9504 --- [main] .d.s.w.r.o.CachingOperationNameGenerator : Generating unique operation named: getUserUsingGET_1
2020-02-14 14:40:53.823  INFO 9504 --- [main] o.s.b.w.embedded.tomcat.TomcatWebServer  : Tomcat started on port(s): 8201 (http) with context path ''
2020-02-14 14:40:53.828  INFO 9504 --- [main] com.alibaba.nacos.client.naming          : [BEAT] adding beat: {"cluster":"DEFAULT","ip":"192.168.248.1","metadata":{"preserved.register.source":"SPRING_CLOUD"},"period":5000,"port":8201,"scheduled":false,"serviceName":"DEFAULT_GROUP@@user-service","stopped":false,"weight":1.0} to beat map.
2020-02-14 14:40:53.875  INFO 9504 --- [main] com.alibaba.nacos.client.naming          : [REGISTER-SERVICE] public registering service DEFAULT_GROUP@@user-service with instance: {"clusterName":"DEFAULT","enabled":true,"ephemeral":true,"healthy":true,"instanceHeartBeatInterval":5000,"instanceHeartBeatTimeOut":15000,"ip":"192.168.248.1","ipDeleteTimeout":30000,"metadata":{"preserved.register.source":"SPRING_CLOUD"},"port":8201,"weight":1.0}
2020-02-14 14:40:53.962  INFO 9504 --- [main] c.a.c.n.registry.NacosServiceRegistry    : nacos registry, user-service 192.168.248.1:8201 register finished
2020-02-14 14:40:54.053  INFO 9504 --- [main] com.yg.learn.UserServiceApplication      : Started UserServiceApplication in 10.102 seconds (JVM running for 10.9)
2020-02-14 14:40:54.065  INFO 9504 --- [main] c.a.n.client.config.impl.ClientWorker    : [fixed-139.9.199.154_8848] [subscribe] user-service-dev.yaml+DEV_ENV
2020-02-14 14:40:54.065  INFO 9504 --- [main] c.a.nacos.client.config.impl.CacheData   : [fixed-139.9.199.154_8848] [add-listener] ok, tenant=, dataId=user-service-dev.yaml, group=DEV_ENV, cnt=1
2020-02-14 14:40:54.065  INFO 9504 --- [main] c.a.n.client.config.impl.ClientWorker    : [fixed-139.9.199.154_8848] [subscribe] user-service.yaml+DEV_ENV
2020-02-14 14:40:54.065  INFO 9504 --- [main] c.a.nacos.client.config.impl.CacheData   : [fixed-139.9.199.154_8848] [add-listener] ok, tenant=, dataId=user-service.yaml, group=DEV_ENV, cnt=1
2020-02-14 14:40:54.373  INFO 9504 --- [RMI TCP Connection(4)-192.168.248.1] o.a.c.c.C.[Tomcat].[localhost].[/]       : Initializing Spring DispatcherServlet 'dispatcherServlet'
2020-02-14 14:40:54.373  INFO 9504 --- [RMI TCP Connection(4)-192.168.248.1] o.s.web.servlet.DispatcherServlet        : Initializing Servlet 'dispatcherServlet'
2020-02-14 14:40:54.385  INFO 9504 --- [RMI TCP Connection(4)-192.168.248.1] o.s.web.servlet.DispatcherServlet        : Completed initialization in 12 ms
2020-02-14 14:41:24.439  INFO 9504 --- [http-nio-8201-exec-3] com.yg.learn.controller.UserController   : 根据id获取用户信息，用户名称为：yangguang
